<?xml version="1.0" encoding="UTF-8"?>
<testng-results skipped="0" failed="0" ignored="0" total="1" passed="1">
  <reporter-output>
  </reporter-output>
  <suite name="com.tests.Test_TemperatureComparison" duration-ms="17776" started-at="2020-09-10T07:22:17Z" finished-at="2020-09-10T07:22:35Z">
    <groups>
    </groups>
    <test name="Command line test" duration-ms="17776" started-at="2020-09-10T07:22:17Z" finished-at="2020-09-10T07:22:35Z">
      <class name="com.tests.Test_TemperatureComparison">
        <test-method status="PASS" signature="beforeSuite()[pri:0, instance:com.tests.Test_TemperatureComparison@58651fd0]" name="beforeSuite" is-config="true" duration-ms="45389" started-at="2020-09-10T07:21:31Z" finished-at="2020-09-10T07:22:17Z">
          <reporter-output>
          </reporter-output>
        </test-method> <!-- beforeSuite -->
        <test-method status="PASS" signature="temperature_test()[pri:0, instance:com.tests.Test_TemperatureComparison@58651fd0]" name="temperature_test" duration-ms="17247" started-at="2020-09-10T07:22:17Z" finished-at="2020-09-10T07:22:34Z">
          <reporter-output>
          </reporter-output>
        </test-method> <!-- temperature_test -->
      </class> <!-- com.tests.Test_TemperatureComparison -->
    </test> <!-- Command line test -->
  </suite> <!-- com.tests.Test_TemperatureComparison -->
</testng-results>
