<?xml version="1.0" encoding="UTF-8"?>
<testng-results skipped="0" failed="0" ignored="0" total="1" passed="1">
  <reporter-output>
    <line>
      <![CDATA[Selected City is visible on the map with Temperature]]>
    </line>
    <line>
      <![CDATA[Weather Popup displayed]]>
    </line>
  </reporter-output>
  <suite name="Default suite" duration-ms="53019" started-at="2020-09-10T18:13:53Z" finished-at="2020-09-10T18:14:46Z">
    <groups>
    </groups>
    <test name="Default test" duration-ms="53019" started-at="2020-09-10T18:13:53Z" finished-at="2020-09-10T18:14:46Z">
      <class name="com.tests.Test_TemperatureComparison">
        <test-method status="PASS" signature="beforeSuite()[pri:0, instance:com.tests.Test_TemperatureComparison@63753b6d]" name="beforeSuite" is-config="true" duration-ms="7274" started-at="2020-09-10T18:13:46Z" finished-at="2020-09-10T18:13:53Z">
          <reporter-output>
          </reporter-output>
        </test-method> <!-- beforeSuite -->
        <test-method status="PASS" signature="preTest()[pri:0, instance:com.tests.Test_TemperatureComparison@63753b6d]" name="preTest" is-config="true" duration-ms="16600" started-at="2020-09-10T18:13:53Z" finished-at="2020-09-10T18:14:10Z">
          <reporter-output>
          </reporter-output>
        </test-method> <!-- preTest -->
        <test-method status="PASS" signature="temperature_test()[pri:0, instance:com.tests.Test_TemperatureComparison@63753b6d]" name="temperature_test" duration-ms="35545" started-at="2020-09-10T18:14:10Z" finished-at="2020-09-10T18:14:45Z">
          <reporter-output>
            <line>
              <![CDATA[Selected City is visible on the map with Temperature]]>
            </line>
            <line>
              <![CDATA[Weather Popup displayed]]>
            </line>
          </reporter-output>
        </test-method> <!-- temperature_test -->
        <test-method status="PASS" signature="postTest()[pri:0, instance:com.tests.Test_TemperatureComparison@63753b6d]" name="postTest" is-config="true" duration-ms="826" started-at="2020-09-10T18:14:45Z" finished-at="2020-09-10T18:14:46Z">
          <reporter-output>
          </reporter-output>
        </test-method> <!-- postTest -->
      </class> <!-- com.tests.Test_TemperatureComparison -->
    </test> <!-- Default test -->
  </suite> <!-- Default suite -->
</testng-results>
